# JRE version: OpenJDK Runtime Environment (17.0.6) (build 17.0.6+0-b2043.56-10027231)
# Java VM: OpenJDK 64-Bit Server VM (17.0.6+0-b2043.56-10027231, mixed mode, tiered, compressed oops, compressed class ptrs, g1 gc, windows-amd64)
GC Precious Log:
 CPUs: 12 total, 12 available
 Memory: 6005M
 Large Page Support: Disabled
 NUMA Support: Disabled
 Compressed Oops: Enabled (32-bit)
 Heap Region Size: 1M
 Heap Min Capacity: 8M
 Heap Initial Capacity: 94M
 Heap Max Capacity: 2G
 Pre-touch: Disabled
 Parallel Workers: 10
 Concurrent Workers: 3
 Concurrent Refinement Workers: 10
 Periodic GC: Disabled
Heap:
 garbage-first heap   total 414720K, used 261687K [0x0000000080000000, 0x0000000100000000)
  region size 1024K, 3 young (3072K), 3 survivors (3072K)
 Metaspace       used 123900K, committed 124928K, reserved 1163264K
  class space    used 16989K, committed 17472K, reserved 1048576K
GC Heap History (20 events):
Event: 32.271 GC heap after
{Heap after GC invocations=54 (full 0):
 garbage-first heap   total 299008K, used 178635K [0x0000000080000000, 0x0000000100000000)
  region size 1024K, 3 young (3072K), 3 survivors (3072K)
 Metaspace       used 106930K, committed 107776K, reserved 1146880K
  class space    used 14918K, committed 15296K, reserved 1048576K
}
Event: 32.626 GC heap before
{Heap before GC invocations=54 (full 0):
 garbage-first heap   total 299008K, used 252363K [0x0000000080000000, 0x0000000100000000)
  region size 1024K, 75 young (76800K), 3 survivors (3072K)
 Metaspace       used 106946K, committed 107776K, reserved 1146880K
  class space    used 14920K, committed 15296K, reserved 1048576K
}
Event: 32.630 GC heap after
{Heap after GC invocations=55 (full 0):
 garbage-first heap   total 299008K, used 178784K [0x0000000080000000, 0x0000000100000000)
  region size 1024K, 3 young (3072K), 3 survivors (3072K)
 Metaspace       used 106946K, committed 107776K, reserved 1146880K
  class space    used 14920K, committed 15296K, reserved 1048576K
}
Event: 33.766 GC heap before
{Heap before GC invocations=56 (full 0):
 garbage-first heap   total 337920K, used 252512K [0x0000000080000000, 0x0000000100000000)
  region size 1024K, 75 young (76800K), 3 survivors (3072K)
 Metaspace       used 110411K, committed 111296K, reserved 1146880K
  class space    used 15235K, committed 15680K, reserved 1048576K
}
Event: 33.778 GC heap after
{Heap after GC invocations=57 (full 0):
 garbage-first heap   total 337920K, used 179918K [0x0000000080000000, 0x0000000100000000)
  region size 1024K, 6 young (6144K), 6 survivors (6144K)
 Metaspace       used 110411K, committed 111296K, reserved 1146880K
  class space    used 15235K, committed 15680K, reserved 1048576K
}
Event: 33.907 GC heap before
{Heap before GC invocations=57 (full 0):
 garbage-first heap   total 337920K, used 189134K [0x0000000080000000, 0x0000000100000000)
  region size 1024K, 16 young (16384K), 6 survivors (6144K)
 Metaspace       used 110481K, committed 111360K, reserved 1146880K
  class space    used 15236K, committed 15680K, reserved 1048576K
}
Event: 33.933 GC heap after
{Heap after GC invocations=58 (full 0):
 garbage-first heap   total 337920K, used 179647K [0x0000000080000000, 0x0000000100000000)
  region size 1024K, 2 young (2048K), 2 survivors (2048K)
 Metaspace       used 110481K, committed 111360K, reserved 1146880K
  class space    used 15236K, committed 15680K, reserved 1048576K
}
Event: 36.362 GC heap before
{Heap before GC invocations=58 (full 0):
 garbage-first heap   total 337920K, used 287167K [0x0000000080000000, 0x0000000100000000)
  region size 1024K, 108 young (110592K), 2 survivors (2048K)
 Metaspace       used 115387K, committed 116352K, reserved 1155072K
  class space    used 15829K, committed 16256K, reserved 1048576K
}
Event: 36.373 GC heap after
{Heap after GC invocations=59 (full 0):
 garbage-first heap   total 337920K, used 186631K [0x0000000080000000, 0x0000000100000000)
  region size 1024K, 9 young (9216K), 9 survivors (9216K)
 Metaspace       used 115387K, committed 116352K, reserved 1155072K
  class space    used 15829K, committed 16256K, reserved 1048576K
}
Event: 84.640 GC heap before
{Heap before GC invocations=59 (full 0):
 garbage-first heap   total 337920K, used 285959K [0x0000000080000000, 0x0000000100000000)
  region size 1024K, 106 young (108544K), 9 survivors (9216K)
 Metaspace       used 118261K, committed 119296K, reserved 1155072K
  class space    used 16193K, committed 16704K, reserved 1048576K
}
Event: 84.747 GC heap after
{Heap after GC invocations=60 (full 0):
 garbage-first heap   total 337920K, used 194795K [0x0000000080000000, 0x0000000100000000)
  region size 1024K, 9 young (9216K), 9 survivors (9216K)
 Metaspace       used 118261K, committed 119296K, reserved 1155072K
  class space    used 16193K, committed 16704K, reserved 1048576K
}
Event: 87.077 GC heap before
{Heap before GC invocations=60 (full 0):
 garbage-first heap   total 337920K, used 282859K [0x0000000080000000, 0x0000000100000000)
  region size 1024K, 96 young (98304K), 9 survivors (9216K)
 Metaspace       used 119343K, committed 120320K, reserved 1155072K
  class space    used 16350K, committed 16832K, reserved 1048576K
}
Event: 87.122 GC heap after
{Heap after GC invocations=61 (full 0):
 garbage-first heap   total 337920K, used 207376K [0x0000000080000000, 0x0000000100000000)
  region size 1024K, 12 young (12288K), 12 survivors (12288K)
 Metaspace       used 119343K, committed 120320K, reserved 1155072K
  class space    used 16350K, committed 16832K, reserved 1048576K
}
Event: 88.362 GC heap before
{Heap before GC invocations=62 (full 0):
 garbage-first heap   total 414720K, used 274960K [0x0000000080000000, 0x0000000100000000)
  region size 1024K, 79 young (80896K), 12 survivors (12288K)
 Metaspace       used 121266K, committed 122368K, reserved 1155072K
  class space    used 16619K, committed 17152K, reserved 1048576K
}
Event: 88.429 GC heap after
{Heap after GC invocations=63 (full 0):
 garbage-first heap   total 414720K, used 215060K [0x0000000080000000, 0x0000000100000000)
  region size 1024K, 9 young (9216K), 9 survivors (9216K)
 Metaspace       used 121266K, committed 122368K, reserved 1155072K
  class space    used 16619K, committed 17152K, reserved 1048576K
}
Event: 88.547 GC heap before
{Heap before GC invocations=63 (full 0):
 garbage-first heap   total 414720K, used 225300K [0x0000000080000000, 0x0000000100000000)
  region size 1024K, 20 young (20480K), 9 survivors (9216K)
 Metaspace       used 121534K, committed 122560K, reserved 1155072K
  class space    used 16650K, committed 17152K, reserved 1048576K
}
Event: 88.593 GC heap after
{Heap after GC invocations=64 (full 0):
 garbage-first heap   total 414720K, used 214010K [0x0000000080000000, 0x0000000100000000)
  region size 1024K, 3 young (3072K), 3 survivors (3072K)
 Metaspace       used 121534K, committed 122560K, reserved 1155072K
  class space    used 16650K, committed 17152K, reserved 1048576K
}
Event: 89.696 GC heap before
{Heap before GC invocations=64 (full 0):
 garbage-first heap   total 414720K, used 374778K [0x0000000080000000, 0x0000000100000000)
  region size 1024K, 122 young (124928K), 3 survivors (3072K)
 Metaspace       used 123892K, committed 124928K, reserved 1163264K
  class space    used 16987K, committed 17472K, reserved 1048576K
}
Event: 89.744 GC heap after
{Heap after GC invocations=65 (full 0):
 garbage-first heap   total 414720K, used 259123K [0x0000000080000000, 0x0000000100000000)
  region size 1024K, 16 young (16384K), 16 survivors (16384K)
 Metaspace       used 123892K, committed 124928K, reserved 1163264K
  class space    used 16987K, committed 17472K, reserved 1048576K
}
Event: 89.769 GC heap before
{Heap before GC invocations=65 (full 0):
 garbage-first heap   total 414720K, used 263219K [0x0000000080000000, 0x0000000100000000)
  region size 1024K, 21 young (21504K), 16 survivors (16384K)
 Metaspace       used 123900K, committed 124928K, reserved 1163264K
  class space    used 16989K, committed 17472K, reserved 1048576K
}

