# JRE version: OpenJDK Runtime Environment (17.0.6) (build 17.0.6+0-b2043.56-10027231)
# Java VM: OpenJDK 64-Bit Server VM (17.0.6+0-b2043.56-10027231, mixed mode, tiered, compressed oops, compressed class ptrs, g1 gc, windows-amd64)
GC Precious Log:
 CPUs: 12 total, 12 available
 Memory: 6005M
 Large Page Support: Disabled
 NUMA Support: Disabled
 Compressed Oops: Enabled (32-bit)
 Heap Region Size: 1M
 Heap Min Capacity: 8M
 Heap Initial Capacity: 94M
 Heap Max Capacity: 2G
 Pre-touch: Disabled
 Parallel Workers: 10
 Concurrent Workers: 3
 Concurrent Refinement Workers: 10
 Periodic GC: Disabled
Heap:
 garbage-first heap   total 235520K, used 163803K [0x0000000080000000, 0x0000000100000000)
  region size 1024K, 42 young (43008K), 9 survivors (9216K)
 Metaspace       used 106576K, committed 107328K, reserved 1146880K
  class space    used 14128K, committed 14528K, reserved 1048576K
GC Heap History (20 events):
Event: 23.490 GC heap before
{Heap before GC invocations=34 (full 0):
 garbage-first heap   total 122880K, used 96383K [0x0000000080000000, 0x0000000100000000)
  region size 1024K, 37 young (37888K), 3 survivors (3072K)
 Metaspace       used 83478K, committed 84032K, reserved 1122304K
  class space    used 11382K, committed 11648K, reserved 1048576K
}
Event: 23.496 GC heap after
{Heap after GC invocations=35 (full 0):
 garbage-first heap   total 122880K, used 65909K [0x0000000080000000, 0x0000000100000000)
  region size 1024K, 5 young (5120K), 5 survivors (5120K)
 Metaspace       used 83478K, committed 84032K, reserved 1122304K
  class space    used 11382K, committed 11648K, reserved 1048576K
}
Event: 24.320 GC heap before
{Heap before GC invocations=35 (full 0):
 garbage-first heap   total 122880K, used 98677K [0x0000000080000000, 0x0000000100000000)
  region size 1024K, 37 young (37888K), 5 survivors (5120K)
 Metaspace       used 86863K, committed 87488K, reserved 1130496K
  class space    used 11926K, committed 12224K, reserved 1048576K
}
Event: 24.328 GC heap after
{Heap after GC invocations=36 (full 0):
 garbage-first heap   total 243712K, used 68426K [0x0000000080000000, 0x0000000100000000)
  region size 1024K, 3 young (3072K), 3 survivors (3072K)
 Metaspace       used 86863K, committed 87488K, reserved 1130496K
  class space    used 11926K, committed 12224K, reserved 1048576K
}
Event: 26.543 GC heap before
{Heap before GC invocations=37 (full 0):
 garbage-first heap   total 235520K, used 186186K [0x0000000080000000, 0x0000000100000000)
  region size 1024K, 118 young (120832K), 3 survivors (3072K)
 Metaspace       used 93531K, committed 94208K, reserved 1130496K
  class space    used 12792K, committed 13120K, reserved 1048576K
}
Event: 26.583 GC heap after
{Heap after GC invocations=38 (full 0):
 garbage-first heap   total 235520K, used 81930K [0x0000000080000000, 0x0000000100000000)
  region size 1024K, 15 young (15360K), 15 survivors (15360K)
 Metaspace       used 93531K, committed 94208K, reserved 1130496K
  class space    used 12792K, committed 13120K, reserved 1048576K
}
Event: 26.590 GC heap before
{Heap before GC invocations=38 (full 0):
 garbage-first heap   total 235520K, used 82954K [0x0000000080000000, 0x0000000100000000)
  region size 1024K, 16 young (16384K), 15 survivors (15360K)
 Metaspace       used 93533K, committed 94208K, reserved 1130496K
  class space    used 12792K, committed 13120K, reserved 1048576K
}
Event: 26.604 GC heap after
{Heap after GC invocations=39 (full 0):
 garbage-first heap   total 235520K, used 83801K [0x0000000080000000, 0x0000000100000000)
  region size 1024K, 2 young (2048K), 2 survivors (2048K)
 Metaspace       used 93533K, committed 94208K, reserved 1130496K
  class space    used 12792K, committed 13120K, reserved 1048576K
}
Event: 28.439 GC heap before
{Heap before GC invocations=39 (full 0):
 garbage-first heap   total 235520K, used 179033K [0x0000000080000000, 0x0000000100000000)
  region size 1024K, 87 young (89088K), 2 survivors (2048K)
 Metaspace       used 96828K, committed 97664K, reserved 1138688K
  class space    used 13162K, committed 13568K, reserved 1048576K
}
Event: 28.462 GC heap after
{Heap after GC invocations=40 (full 0):
 garbage-first heap   total 235520K, used 104440K [0x0000000080000000, 0x0000000100000000)
  region size 1024K, 11 young (11264K), 11 survivors (11264K)
 Metaspace       used 96828K, committed 97664K, reserved 1138688K
  class space    used 13162K, committed 13568K, reserved 1048576K
}
Event: 30.390 GC heap before
{Heap before GC invocations=40 (full 0):
 garbage-first heap   total 235520K, used 197624K [0x0000000080000000, 0x0000000100000000)
  region size 1024K, 78 young (79872K), 11 survivors (11264K)
 Metaspace       used 97839K, committed 98624K, reserved 1138688K
  class space    used 13241K, committed 13632K, reserved 1048576K
}
Event: 30.422 GC heap after
{Heap after GC invocations=41 (full 0):
 garbage-first heap   total 235520K, used 116258K [0x0000000080000000, 0x0000000100000000)
  region size 1024K, 10 young (10240K), 10 survivors (10240K)
 Metaspace       used 97839K, committed 98624K, reserved 1138688K
  class space    used 13241K, committed 13632K, reserved 1048576K
}
Event: 30.776 GC heap before
{Heap before GC invocations=41 (full 0):
 garbage-first heap   total 235520K, used 177698K [0x0000000080000000, 0x0000000100000000)
  region size 1024K, 71 young (72704K), 10 survivors (10240K)
 Metaspace       used 101160K, committed 101952K, reserved 1138688K
  class space    used 13526K, committed 13888K, reserved 1048576K
}
Event: 30.797 GC heap after
{Heap after GC invocations=42 (full 0):
 garbage-first heap   total 235520K, used 125889K [0x0000000080000000, 0x0000000100000000)
  region size 1024K, 9 young (9216K), 9 survivors (9216K)
 Metaspace       used 101160K, committed 101952K, reserved 1138688K
  class space    used 13526K, committed 13888K, reserved 1048576K
}
Event: 31.085 GC heap before
{Heap before GC invocations=42 (full 0):
 garbage-first heap   total 235520K, used 183233K [0x0000000080000000, 0x0000000100000000)
  region size 1024K, 66 young (67584K), 9 survivors (9216K)
 Metaspace       used 101863K, committed 102656K, reserved 1138688K
  class space    used 13572K, committed 13952K, reserved 1048576K
}
Event: 31.089 GC heap after
{Heap after GC invocations=43 (full 0):
 garbage-first heap   total 235520K, used 124333K [0x0000000080000000, 0x0000000100000000)
  region size 1024K, 4 young (4096K), 4 survivors (4096K)
 Metaspace       used 101863K, committed 102656K, reserved 1138688K
  class space    used 13572K, committed 13952K, reserved 1048576K
}
Event: 32.040 GC heap before
{Heap before GC invocations=43 (full 0):
 garbage-first heap   total 235520K, used 185773K [0x0000000080000000, 0x0000000100000000)
  region size 1024K, 65 young (66560K), 4 survivors (4096K)
 Metaspace       used 103692K, committed 104448K, reserved 1146880K
  class space    used 13771K, committed 14144K, reserved 1048576K
}
Event: 32.051 GC heap after
{Heap after GC invocations=44 (full 0):
 garbage-first heap   total 235520K, used 126229K [0x0000000080000000, 0x0000000100000000)
  region size 1024K, 6 young (6144K), 6 survivors (6144K)
 Metaspace       used 103692K, committed 104448K, reserved 1146880K
  class space    used 13771K, committed 14144K, reserved 1048576K
}
Event: 33.192 GC heap before
{Heap before GC invocations=44 (full 0):
 garbage-first heap   total 235520K, used 188693K [0x0000000080000000, 0x0000000100000000)
  region size 1024K, 68 young (69632K), 6 survivors (6144K)
 Metaspace       used 105735K, committed 106496K, reserved 1146880K
  class space    used 14027K, committed 14400K, reserved 1048576K
}
Event: 33.201 GC heap after
{Heap after GC invocations=45 (full 0):
 garbage-first heap   total 235520K, used 132059K [0x0000000080000000, 0x0000000100000000)
  region size 1024K, 9 young (9216K), 9 survivors (9216K)
 Metaspace       used 105735K, committed 106496K, reserved 1146880K
  class space    used 14027K, committed 14400K, reserved 1048576K
}

